[    1869ms] Error: Minified React error #425; visit https://reactjs.org/docs/error-decoder.html?invariant=425 for the full message or use the non-minified dev environment for full errors and additional helpful warnings.
    at d7 (https://www.toptal.com/developers/cssminifier/_next/static/chunks/framework-3581bb99e4b98af8.js:1:42603)
    at gt (https://www.toptal.com/developers/cssminifier/_next/static/chunks/framework-3581bb99e4b98af8.js:1:76120)
    at h6 (https://www.toptal.com/developers/cssminifier/_next/static/chunks/framework-3581bb99e4b98af8.js:1:107929)
    at h5 (https://www.toptal.com/developers/cssminifier/_next/static/chunks/framework-3581bb99e4b98af8.js:1:107811)
    at h3 (https://www.toptal.com/developers/cssminifier/_next/static/chunks/framework-3581bb99e4b98af8.js:1:107679)
    at h2 (https://www.toptal.com/developers/cssminifier/_next/static/chunks/framework-3581bb99e4b98af8.js:1:107532)
    at hT (https://www.toptal.com/developers/cssminifier/_next/static/chunks/framework-3581bb99e4b98af8.js:1:102623)
    at A (https://www.toptal.com/developers/cssminifier/_next/static/chunks/framework-3581bb99e4b98af8.js:1:137752)
    at MessagePort.g (https://www.toptal.com/developers/cssminifier/_next/static/chunks/framework-3581bb99e4b98af8.js:1:138284)
[    1872ms] Error: Minified React error #418; visit https://reactjs.org/docs/error-decoder.html?invariant=418 for the full message or use the non-minified dev environment for full errors and additional helpful warnings.
    at fp (https://www.toptal.com/developers/cssminifier/_next/static/chunks/framework-3581bb99e4b98af8.js:1:53426)
    at _ (https://www.toptal.com/developers/cssminifier/_next/static/chunks/framework-3581bb99e4b98af8.js:1:121422)
    at h5 (https://www.toptal.com/developers/cssminifier/_next/static/chunks/framework-3581bb99e4b98af8.js:1:107751)
    at h3 (https://www.toptal.com/developers/cssminifier/_next/static/chunks/framework-3581bb99e4b98af8.js:1:107679)
    at h2 (https://www.toptal.com/developers/cssminifier/_next/static/chunks/framework-3581bb99e4b98af8.js:1:107532)
    at hT (https://www.toptal.com/developers/cssminifier/_next/static/chunks/framework-3581bb99e4b98af8.js:1:102623)
    at A (https://www.toptal.com/developers/cssminifier/_next/static/chunks/framework-3581bb99e4b98af8.js:1:137752)
    at MessagePort.g (https://www.toptal.com/developers/cssminifier/_next/static/chunks/framework-3581bb99e4b98af8.js:1:138284)
[    1872ms] Error: Minified React error #418; visit https://reactjs.org/docs/error-decoder.html?invariant=418 for the full message or use the non-minified dev environment for full errors and additional helpful warnings.
    at fp (https://www.toptal.com/developers/cssminifier/_next/static/chunks/framework-3581bb99e4b98af8.js:1:53426)
    at _ (https://www.toptal.com/developers/cssminifier/_next/static/chunks/framework-3581bb99e4b98af8.js:1:121422)
    at h5 (https://www.toptal.com/developers/cssminifier/_next/static/chunks/framework-3581bb99e4b98af8.js:1:107751)
    at h3 (https://www.toptal.com/developers/cssminifier/_next/static/chunks/framework-3581bb99e4b98af8.js:1:107679)
    at h2 (https://www.toptal.com/developers/cssminifier/_next/static/chunks/framework-3581bb99e4b98af8.js:1:107532)
    at hT (https://www.toptal.com/developers/cssminifier/_next/static/chunks/framework-3581bb99e4b98af8.js:1:102623)
    at A (https://www.toptal.com/developers/cssminifier/_next/static/chunks/framework-3581bb99e4b98af8.js:1:137752)
    at MessagePort.g (https://www.toptal.com/developers/cssminifier/_next/static/chunks/framework-3581bb99e4b98af8.js:1:138284)
[    1872ms] Error: Minified React error #423; visit https://reactjs.org/docs/error-decoder.html?invariant=423 for the full message or use the non-minified dev environment for full errors and additional helpful warnings.
    at _ (https://www.toptal.com/developers/cssminifier/_next/static/chunks/framework-3581bb99e4b98af8.js:1:121115)
    at h5 (https://www.toptal.com/developers/cssminifier/_next/static/chunks/framework-3581bb99e4b98af8.js:1:107751)
    at h3 (https://www.toptal.com/developers/cssminifier/_next/static/chunks/framework-3581bb99e4b98af8.js:1:107679)
    at h2 (https://www.toptal.com/developers/cssminifier/_next/static/chunks/framework-3581bb99e4b98af8.js:1:107532)
    at hU (https://www.toptal.com/developers/cssminifier/_next/static/chunks/framework-3581bb99e4b98af8.js:1:103895)
    at hT (https://www.toptal.com/developers/cssminifier/_next/static/chunks/framework-3581bb99e4b98af8.js:1:102860)
    at A (https://www.toptal.com/developers/cssminifier/_next/static/chunks/framework-3581bb99e4b98af8.js:1:137752)
    at MessagePort.g (https://www.toptal.com/developers/cssminifier/_next/static/chunks/framework-3581bb99e4b98af8.js:1:138284)
